<?xml version="1.0" encoding="UTF-8"?>
<!-- Generated by org.testng.reporters.JUnitReportReporter -->
<testsuite hostname="Jordan-PC" name="com.myProject.test.Login" tests="1" failures="0" timestamp="6 Jun 2017 07:26:42 GMT" time="26.456" errors="0">
  <testcase name="method" time="26.456" classname="com.myProject.test.Login"/>
</testsuite> <!-- com.myProject.test.Login -->
